<?xml version="1.0" encoding="UTF-8"?>
<!-- Generated by org.testng.reporters.JUnitReportReporter -->
<testsuite skipped="0" hostname="DESKTOP-95TPVNG" name="com.training.sanity.tests.Assignment2_Med_ELTC_0038_Test" tests="4" failures="0" timestamp="2020-02-04T15:18:40 IST" time="46.728" errors="0">
  <testcase name="validLoginTest" time="12.871" classname="com.training.sanity.tests.Assignment2_Med_ELTC_0038_Test"/>
  <testcase name="createGroupTest" time="18.046" classname="com.training.sanity.tests.Assignment2_Med_ELTC_0038_Test"/>
  <testcase name="groupMember" time="7.870" classname="com.training.sanity.tests.Assignment2_Med_ELTC_0038_Test"/>
  <testcase name="editGroupSetting" time="7.941" classname="com.training.sanity.tests.Assignment2_Med_ELTC_0038_Test"/>
</testsuite> <!-- com.training.sanity.tests.Assignment2_Med_ELTC_0038_Test -->
