<?xml version="1.0" encoding="UTF-8"?>
<!-- Generated by org.testng.reporters.JUnitReportReporter -->
<testsuite skipped="0" hostname="DESKTOP-95TPVNG" name="com.training.sanity.tests.Assignment2_Med_ELTC_0036_Test" tests="2" failures="0" timestamp="2020-02-04T15:25:04 IST" time="65.506" errors="0">
  <testcase name="validLoginTest" time="19.927" classname="com.training.sanity.tests.Assignment2_Med_ELTC_0036_Test"/>
  <testcase name="TestFunctionality" time="45.579" classname="com.training.sanity.tests.Assignment2_Med_ELTC_0036_Test"/>
</testsuite> <!-- com.training.sanity.tests.Assignment2_Med_ELTC_0036_Test -->
