<?xml version="1.0" encoding="UTF-8"?>
<!-- Generated by org.testng.reporters.JUnitReportReporter -->
<testsuite skipped="0" hostname="DESKTOP-95TPVNG" name="com.training.sanity.tests.Assignment2_Med_ELTC_0039_Test" tests="3" failures="0" timestamp="2020-02-01T16:30:46 IST" time="30.925" errors="0">
  <testcase name="validLoginTest" time="7.558" classname="com.training.sanity.tests.Assignment2_Med_ELTC_0039_Test"/>
  <testcase name="reportingTest" time="19.322" classname="com.training.sanity.tests.Assignment2_Med_ELTC_0039_Test"/>
  <testcase name="returnToCourse" time="4.045" classname="com.training.sanity.tests.Assignment2_Med_ELTC_0039_Test"/>
</testsuite> <!-- com.training.sanity.tests.Assignment2_Med_ELTC_0039_Test -->
