<?xml version="1.0" encoding="UTF-8"?>
<!-- Generated by org.testng.reporters.JUnitReportReporter -->
<testsuite skipped="0" hostname="DESKTOP-95TPVNG" name="com.training.sanity.tests.VerifyTitle" tests="1" failures="0" timestamp="2020-02-04T14:03:48 IST" time="17.017" errors="0">
  <testcase name="extentReportsDemo" time="17.017" classname="com.training.sanity.tests.VerifyTitle"/>
</testsuite> <!-- com.training.sanity.tests.VerifyTitle -->
